[0m20:28:45.578638 [debug] [MainThread]: Sending event: {'category': 'dbt', 'action': 'invocation', 'label': 'start', 'context': [<snowplow_tracker.self_describing_json.SelfDescribingJson object at 0x1137287d0>, <snowplow_tracker.self_describing_json.SelfDescribingJson object at 0x113730990>, <snowplow_tracker.self_describing_json.SelfDescribingJson object at 0x113730fd0>]}


============================== 20:28:45.585036 | c96501dc-c7d6-4909-9511-43013aee6e43 ==============================
[0m20:28:45.585036 [info ] [MainThread]: Running with dbt=1.6.5
[0m20:28:45.585724 [debug] [MainThread]: running dbt with arguments {'printer_width': '80', 'indirect_selection': 'eager', 'write_json': 'True', 'log_cache_events': 'False', 'partial_parse': 'True', 'cache_selected_only': 'False', 'warn_error': 'None', 'debug': 'False', 'profiles_dir': '/Users/az/.dbt', 'log_path': 'logs', 'fail_fast': 'False', 'version_check': 'True', 'use_colors': 'True', 'use_experimental_parser': 'False', 'no_print': 'None', 'quiet': 'False', 'warn_error_options': 'WarnErrorOptions(include=[], exclude=[])', 'invocation_command': 'dbt init', 'introspect': 'True', 'static_parser': 'True', 'target_path': 'None', 'log_format': 'default', 'send_anonymous_usage_stats': 'True'}
[0m20:29:01.339510 [debug] [MainThread]: Starter project path: /Users/az/Desktop/Projects/dbt-project/venv/lib/python3.11/site-packages/dbt/include/starter_project
[0m20:29:01.353917 [info ] [MainThread]: 
Your new dbt project "project" was created!

For more information on how to configure the profiles.yml file,
please consult the dbt documentation here:

  https://docs.getdbt.com/docs/configure-your-profile

One more thing:

Need help? Don't hesitate to reach out to us via GitHub issues or on Slack:

  https://community.getdbt.com/

Happy modeling!

[0m20:29:01.354886 [info ] [MainThread]: Setting up your profile.
[0m20:30:43.338062 [info ] [MainThread]: Profile project written to /Users/az/.dbt/profiles.yml using target's profile_template.yml and your supplied values. Run 'dbt debug' to validate the connection.
[0m20:30:43.340067 [debug] [MainThread]: Command `dbt init` succeeded at 20:30:43.339644 after 117.81 seconds
[0m20:30:43.341004 [debug] [MainThread]: Sending event: {'category': 'dbt', 'action': 'invocation', 'label': 'end', 'context': [<snowplow_tracker.self_describing_json.SelfDescribingJson object at 0x113749f50>, <snowplow_tracker.self_describing_json.SelfDescribingJson object at 0x1137156d0>, <snowplow_tracker.self_describing_json.SelfDescribingJson object at 0x1141e76d0>]}
[0m20:30:43.341887 [debug] [MainThread]: Flushing usage events
[0m18:53:18.402668 [debug] [MainThread]: Sending event: {'category': 'dbt', 'action': 'invocation', 'label': 'start', 'context': [<snowplow_tracker.self_describing_json.SelfDescribingJson object at 0x10f598b90>, <snowplow_tracker.self_describing_json.SelfDescribingJson object at 0x10f5a8790>, <snowplow_tracker.self_describing_json.SelfDescribingJson object at 0x10f5a9050>]}


============================== 18:53:18.409226 | b4637030-c831-4af1-b89f-3b6eec731630 ==============================
[0m18:53:18.409226 [info ] [MainThread]: Running with dbt=1.6.5
[0m18:53:18.409941 [debug] [MainThread]: running dbt with arguments {'printer_width': '80', 'indirect_selection': 'eager', 'write_json': 'True', 'log_cache_events': 'False', 'partial_parse': 'True', 'cache_selected_only': 'False', 'warn_error': 'None', 'debug': 'False', 'fail_fast': 'False', 'log_path': 'logs', 'profiles_dir': '.', 'version_check': 'True', 'use_colors': 'True', 'use_experimental_parser': 'False', 'no_print': 'None', 'quiet': 'False', 'log_format': 'default', 'invocation_command': 'dbt run --profiles-dir . --target dev', 'static_parser': 'True', 'warn_error_options': 'WarnErrorOptions(include=[], exclude=[])', 'target_path': 'None', 'introspect': 'True', 'send_anonymous_usage_stats': 'True'}
[0m18:53:18.410643 [error] [MainThread]: Encountered an error:
Runtime Error
  No dbt_project.yml found at expected path /Users/az/Desktop/Projects/dbt-project/dbt_project.yml
  Verify that each entry within packages.yml (and their transitive dependencies) contains a file named dbt_project.yml
  
[0m18:53:18.411511 [debug] [MainThread]: Command `dbt run` failed at 18:53:18.411346 after 0.05 seconds
[0m18:53:18.411965 [debug] [MainThread]: Sending event: {'category': 'dbt', 'action': 'invocation', 'label': 'end', 'context': [<snowplow_tracker.self_describing_json.SelfDescribingJson object at 0x1095fc110>, <snowplow_tracker.self_describing_json.SelfDescribingJson object at 0x10f5935d0>, <snowplow_tracker.self_describing_json.SelfDescribingJson object at 0x10f593fd0>]}
[0m18:53:18.412386 [debug] [MainThread]: Flushing usage events
